This is pdfTeX, Version 3.14159265-2.6-1.40.16 (TeX Live 2015/Debian) (preloaded format=pdflatex 2018.12.11)  22 APR 2019 11:22
entering extended mode
 restricted \write18 enabled.
 %&-line parsing enabled.
**example
(./example.tex
LaTeX2e <2016/02/01>
Babel <3.9q> and hyphenation patterns for 3 language(s) loaded.
(./mpaper.cls (/usr/share/texlive/texmf-dist/tex/latex/tools/array.sty
Package: array 2014/10/28 v2.4c Tabular extension package (FMi)
\col@sep=\dimen102
\extrarowheight=\dimen103
\NC@list=\toks14
\extratabsurround=\skip41
\backup@length=\skip42
)
(/usr/share/texlive/texmf-dist/tex/latex/graphics/color.sty
Package: color 2016/01/03 v1.1b Standard LaTeX Color (DPC)

(/usr/share/texlive/texmf-dist/tex/latex/latexconfig/color.cfg
File: color.cfg 2007/01/18 v1.5 color configuration of teTeX/TeXLive
)
Package color Info: Driver file: pdftex.def on input line 143.

(/usr/share/texlive/texmf-dist/tex/latex/pdftex-def/pdftex.def
File: pdftex.def 2011/05/27 v0.06d Graphics/color for pdfTeX

(/usr/share/texlive/texmf-dist/tex/generic/oberdiek/infwarerr.sty
Package: infwarerr 2010/04/08 v1.3 Providing info/warning/error messages (HO)
)
(/usr/share/texlive/texmf-dist/tex/generic/oberdiek/ltxcmds.sty
Package: ltxcmds 2011/11/09 v1.22 LaTeX kernel commands for general use (HO)
)
\Gread@gobject=\count79
))
(/usr/share/texlive/texmf-dist/tex/latex/graphics/graphicx.sty
Package: graphicx 2014/10/28 v1.0g Enhanced LaTeX Graphics (DPC,SPQR)

(/usr/share/texlive/texmf-dist/tex/latex/graphics/keyval.sty
Package: keyval 2014/10/28 v1.15 key=value parser (DPC)
\KV@toks@=\toks15
)
(/usr/share/texlive/texmf-dist/tex/latex/graphics/graphics.sty
Package: graphics 2016/01/03 v1.0q Standard LaTeX Graphics (DPC,SPQR)

(/usr/share/texlive/texmf-dist/tex/latex/graphics/trig.sty
Package: trig 2016/01/03 v1.10 sin cos tan (DPC)
)
(/usr/share/texlive/texmf-dist/tex/latex/latexconfig/graphics.cfg
File: graphics.cfg 2010/04/23 v1.9 graphics configuration of TeX Live
)
Package graphics Info: Driver file: pdftex.def on input line 95.
)
\Gin@req@height=\dimen104
\Gin@req@width=\dimen105
)
(/usr/share/texlive/texmf-dist/tex/latex/graphics/epsfig.sty
Package: epsfig 1999/02/16 v1.7a (e)psfig emulation (SPQR)
\epsfxsize=\dimen106
\epsfysize=\dimen107
)
(/usr/share/texlive/texmf-dist/tex/latex/base/fixltx2e.sty
Package: fixltx2e 2015/06/22 v2.0b fixes to LaTeX (obsolete)


Package fixltx2e Warning: fixltx2e is not required with releases after 2015
(fixltx2e)                All fixes are now in the LaTeX kernel.
(fixltx2e)                See the latexrelease package for details.

) (/usr/share/texlive/texmf-dist/tex/latex/amsfonts/amssymb.sty
Package: amssymb 2013/01/14 v3.01 AMS font symbols

(/usr/share/texlive/texmf-dist/tex/latex/amsfonts/amsfonts.sty
Package: amsfonts 2013/01/14 v3.01 Basic AMSFonts support
\@emptytoks=\toks16
\symAMSa=\mathgroup4
\symAMSb=\mathgroup5
LaTeX Font Info:    Overwriting math alphabet `\mathfrak' in version `bold'
(Font)                  U/euf/m/n --> U/euf/b/n on input line 106.
))
(/usr/share/texlive/texmf-dist/tex/latex/amsmath/amsmath.sty
Package: amsmath 2016/03/03 v2.15a AMS math features
\@mathmargin=\skip43

For additional information on amsmath, use the `?' option.
(/usr/share/texlive/texmf-dist/tex/latex/amsmath/amstext.sty
Package: amstext 2000/06/29 v2.01 AMS text

(/usr/share/texlive/texmf-dist/tex/latex/amsmath/amsgen.sty
File: amsgen.sty 1999/11/30 v2.0 generic functions
\@emptytoks=\toks17
\ex@=\dimen108
))
(/usr/share/texlive/texmf-dist/tex/latex/amsmath/amsbsy.sty
Package: amsbsy 1999/11/29 v1.2d Bold Symbols
\pmbraise@=\dimen109
)
(/usr/share/texlive/texmf-dist/tex/latex/amsmath/amsopn.sty
Package: amsopn 1999/12/14 v2.01 operator names
)
\inf@bad=\count80
LaTeX Info: Redefining \frac on input line 199.
\uproot@=\count81
\leftroot@=\count82
LaTeX Info: Redefining \overline on input line 297.
\classnum@=\count83
\DOTSCASE@=\count84
LaTeX Info: Redefining \ldots on input line 394.
LaTeX Info: Redefining \dots on input line 397.
LaTeX Info: Redefining \cdots on input line 518.
\Mathstrutbox@=\box26
\strutbox@=\box27
\big@size=\dimen110
LaTeX Font Info:    Redeclaring font encoding OML on input line 630.
LaTeX Font Info:    Redeclaring font encoding OMS on input line 631.
\macc@depth=\count85
\c@MaxMatrixCols=\count86
\dotsspace@=\muskip10
\c@parentequation=\count87
\dspbrk@lvl=\count88
\tag@help=\toks18
\row@=\count89
\column@=\count90
\maxfields@=\count91
\andhelp@=\toks19
\eqnshift@=\dimen111
\alignsep@=\dimen112
\tagshift@=\dimen113
\tagwidth@=\dimen114
\totwidth@=\dimen115
\lineht@=\dimen116
\@envbody=\toks20
\multlinegap=\skip44
\multlinetaggap=\skip45
\mathdisplay@stack=\toks21
LaTeX Info: Redefining \[ on input line 2735.
LaTeX Info: Redefining \] on input line 2736.
)
(/usr/share/texlive/texmf-dist/tex/latex/listings/listings.sty
\lst@mode=\count92
\lst@gtempboxa=\box28
\lst@token=\toks22
\lst@length=\count93
\lst@currlwidth=\dimen117
\lst@column=\count94
\lst@pos=\count95
\lst@lostspace=\dimen118
\lst@width=\dimen119
\lst@newlines=\count96
\lst@lineno=\count97
\abovecaptionskip=\skip46
\belowcaptionskip=\skip47
\lst@maxwidth=\dimen120

(/usr/share/texlive/texmf-dist/tex/latex/listings/lstmisc.sty
File: lstmisc.sty 2015/06/04 1.6 (Carsten Heinz)
\c@lstnumber=\count98
\lst@skipnumbers=\count99
\lst@framebox=\box29
)
(/usr/share/texlive/texmf-dist/tex/latex/listings/listings.cfg
File: listings.cfg 2015/06/04 1.6 listings configuration
))
Package: listings 2015/06/04 1.6 (Carsten Heinz)

(/usr/share/texlive/texmf-dist/tex/latex/geometry/geometry.sty
Package: geometry 2010/09/12 v5.6 Page Geometry

(/usr/share/texlive/texmf-dist/tex/generic/oberdiek/ifpdf.sty
Package: ifpdf 2011/01/30 v2.3 Provides the ifpdf switch (HO)
Package ifpdf Info: pdfTeX in PDF mode is detected.
)
(/usr/share/texlive/texmf-dist/tex/generic/oberdiek/ifvtex.sty
Package: ifvtex 2010/03/01 v1.5 Detect VTeX and its facilities (HO)
Package ifvtex Info: VTeX not detected.
)
(/usr/share/texlive/texmf-dist/tex/generic/ifxetex/ifxetex.sty
Package: ifxetex 2010/09/12 v0.6 Provides ifxetex conditional
)
\Gm@cnth=\count100
\Gm@cntv=\count101
\c@Gm@tempcnt=\count102
\Gm@bindingoffset=\dimen121
\Gm@wd@mp=\dimen122
\Gm@odd@mp=\dimen123
\Gm@even@mp=\dimen124
\Gm@layoutwidth=\dimen125
\Gm@layoutheight=\dimen126
\Gm@layouthoffset=\dimen127
\Gm@layoutvoffset=\dimen128
\Gm@dimlist=\toks23
)
(/usr/share/texlive/texmf-dist/tex/latex/hyperref/hyperref.sty
Package: hyperref 2012/11/06 v6.83m Hypertext links for LaTeX

(/usr/share/texlive/texmf-dist/tex/generic/oberdiek/hobsub-hyperref.sty
Package: hobsub-hyperref 2012/05/28 v1.13 Bundle oberdiek, subset hyperref (HO)


(/usr/share/texlive/texmf-dist/tex/generic/oberdiek/hobsub-generic.sty
Package: hobsub-generic 2012/05/28 v1.13 Bundle oberdiek, subset generic (HO)
Package: hobsub 2012/05/28 v1.13 Construct package bundles (HO)
Package hobsub Info: Skipping package `infwarerr' (already loaded).
Package hobsub Info: Skipping package `ltxcmds' (already loaded).
Package: ifluatex 2010/03/01 v1.3 Provides the ifluatex switch (HO)
Package ifluatex Info: LuaTeX not detected.
Package hobsub Info: Skipping package `ifvtex' (already loaded).
Package: intcalc 2007/09/27 v1.1 Expandable calculations with integers (HO)
Package hobsub Info: Skipping package `ifpdf' (already loaded).
Package: etexcmds 2011/02/16 v1.5 Avoid name clashes with e-TeX commands (HO)
Package etexcmds Info: Could not find \expanded.
(etexcmds)             That can mean that you are not using pdfTeX 1.50 or
(etexcmds)             that some package has redefined \expanded.
(etexcmds)             In the latter case, load this package earlier.
Package: kvsetkeys 2012/04/25 v1.16 Key value parser (HO)
Package: kvdefinekeys 2011/04/07 v1.3 Define keys (HO)
Package: pdftexcmds 2011/11/29 v0.20 Utility functions of pdfTeX for LuaTeX (HO
)
Package pdftexcmds Info: LuaTeX not detected.
Package pdftexcmds Info: \pdf@primitive is available.
Package pdftexcmds Info: \pdf@ifprimitive is available.
Package pdftexcmds Info: \pdfdraftmode found.
Package: pdfescape 2011/11/25 v1.13 Implements pdfTeX's escape features (HO)
Package: bigintcalc 2012/04/08 v1.3 Expandable calculations on big integers (HO
)
Package: bitset 2011/01/30 v1.1 Handle bit-vector datatype (HO)
Package: uniquecounter 2011/01/30 v1.2 Provide unlimited unique counter (HO)
)
Package hobsub Info: Skipping package `hobsub' (already loaded).
Package: letltxmacro 2010/09/02 v1.4 Let assignment for LaTeX macros (HO)
Package: hopatch 2012/05/28 v1.2 Wrapper for package hooks (HO)
Package: xcolor-patch 2011/01/30 xcolor patch
Package: atveryend 2011/06/30 v1.8 Hooks at the very end of document (HO)
Package atveryend Info: \enddocument detected (standard20110627).
Package: atbegshi 2011/10/05 v1.16 At begin shipout hook (HO)
Package: refcount 2011/10/16 v3.4 Data extraction from label references (HO)
Package: hycolor 2011/01/30 v1.7 Color options for hyperref/bookmark (HO)
)
(/usr/share/texlive/texmf-dist/tex/latex/oberdiek/auxhook.sty
Package: auxhook 2011/03/04 v1.3 Hooks for auxiliary files (HO)
)
(/usr/share/texlive/texmf-dist/tex/latex/oberdiek/kvoptions.sty
Package: kvoptions 2011/06/30 v3.11 Key value format for package options (HO)
)
\@linkdim=\dimen129
\Hy@linkcounter=\count103
\Hy@pagecounter=\count104

(/usr/share/texlive/texmf-dist/tex/latex/hyperref/pd1enc.def
File: pd1enc.def 2012/11/06 v6.83m Hyperref: PDFDocEncoding definition (HO)
)
\Hy@SavedSpaceFactor=\count105

(/usr/share/texlive/texmf-dist/tex/latex/latexconfig/hyperref.cfg
File: hyperref.cfg 2002/06/06 v1.2 hyperref configuration of TeXLive
)
Package hyperref Info: Option `breaklinks' set `true' on input line 4319.
Package hyperref Info: Option `colorlinks' set `true' on input line 4319.
Package hyperref Info: Option `pdfpagelabels' set `false' on input line 4319.
Package hyperref Info: Option `pdfusetitle' set `true' on input line 4319.
Package hyperref Info: Hyper figures OFF on input line 4443.
Package hyperref Info: Link nesting OFF on input line 4448.
Package hyperref Info: Hyper index ON on input line 4451.
Package hyperref Info: Plain pages OFF on input line 4458.
Package hyperref Info: Backreferencing OFF on input line 4463.
Package hyperref Info: Implicit mode ON; LaTeX internals redefined.
Package hyperref Info: Bookmarks ON on input line 4688.
\c@Hy@tempcnt=\count106

(/usr/share/texlive/texmf-dist/tex/latex/url/url.sty
\Urlmuskip=\muskip11
Package: url 2013/09/16  ver 3.4  Verb mode for urls, etc.
)
LaTeX Info: Redefining \url on input line 5041.
\XeTeXLinkMargin=\dimen130
\Fld@menulength=\count107
\Field@Width=\dimen131
\Fld@charsize=\dimen132
Package hyperref Info: Hyper figures OFF on input line 6295.
Package hyperref Info: Link nesting OFF on input line 6300.
Package hyperref Info: Hyper index ON on input line 6303.
Package hyperref Info: backreferencing OFF on input line 6310.
Package hyperref Info: Link coloring ON on input line 6313.
Package hyperref Info: Link coloring with OCG OFF on input line 6320.
Package hyperref Info: PDF/A mode OFF on input line 6325.
LaTeX Info: Redefining \ref on input line 6365.
LaTeX Info: Redefining \pageref on input line 6369.
\c@Item=\count108
\c@Hfootnote=\count109
)

Package hyperref Message: Driver (autodetected): hpdftex.

(/usr/share/texlive/texmf-dist/tex/latex/hyperref/hpdftex.def
File: hpdftex.def 2012/11/06 v6.83m Hyperref driver for pdfTeX
\Fld@listcount=\count110
\c@bookmark@seq@number=\count111

(/usr/share/texlive/texmf-dist/tex/latex/oberdiek/rerunfilecheck.sty
Package: rerunfilecheck 2011/04/15 v1.7 Rerun checks for auxiliary files (HO)
Package uniquecounter Info: New unique counter `rerunfilecheck' on input line 2
82.
)
\Hy@SectionHShift=\skip48
)
(/usr/share/texlive/texmf-dist/tex/latex/sttools/flushend.sty
Package: flushend 2015/04/14 v3.1 Balancing columns in twocolumn mode
\flushend@@lastskip@a=\skip49
\flushend@@lastskip@b=\skip50
\flushend@@lastskip@c=\skip51
\flushend@@penalty@a=\count112
\flushend@@lastkern@a=\dimen133
\var@@temp@spread=\dimen134
\var@@temp@a=\dimen135
\flushend@@page@rule=\dimen136
\flushend@@varbox@a=\box30
\flushend@@varbox@c=\box31
\flushend@@tempbox@a=\box32
\flushend@@tempbox@c=\box33
\@viper=\box34
\hold@viper=\box35
\atColsBreak=\toks24
\atColsEnd=\toks25

(/usr/share/texlive/texmf-dist/tex/latex/etoolbox/etoolbox.sty
Package: etoolbox 2015/08/02 v2.2a e-TeX tools for LaTeX (JAW)
\etb@tempcnta=\count113
))
Glasgow MSci document class. Jeremy Singer, 16 October 2012
Based in part upon ACM sig_alternate class
****** Bugs/comments/suggestions/technicalities to Jeremy Singer -- jeremy.sing
er@glasgow.ac.uk ******
\footheight=\dimen137
\@maxsep=\dimen138
\@dblmaxsep=\dimen139
\c@figure=\count114
\c@table=\count115
\titleboxnotes=\toks26
\titleboxnoteflag=\count116
Document Class: mpaper 2013/01/15 v1.0 LaTeX document class for Glasgow MSci pa
per
\titlenotecount=\count117
\tntoks=\toks27
\tntokstwo=\toks28
\tntoksthree=\toks29
\tntoksfour=\toks30
\tntoksfive=\toks31
\c@part=\count118
\c@section=\count119
\c@subsection=\count120
\c@subsubsection=\count121
\c@paragraph=\count122
Using 'Abbrev' bibliography style
LaTeX Info: Redefining \cite on input line 1041.
\bibindent=\dimen140
\colcntr=\count123
\saveb@x=\box36
(/usr/share/texlive/texmf-dist/tex/latex/base/fontenc.sty
Package: fontenc 2005/09/27 v1.99g Standard LaTeX package

(/usr/share/texlive/texmf-dist/tex/latex/base/t1enc.def
File: t1enc.def 2005/09/27 v1.99g Standard LaTeX file
LaTeX Font Info:    Redeclaring font encoding T1 on input line 48.
)
LaTeX Font Info:    Try loading font information for T1+aer on input line 105.

(/usr/share/texlive/texmf-dist/tex/latex/ae/t1aer.fd
File: t1aer.fd 1997/11/16 Font definitions for T1/aer.
)))
(/usr/share/texlive/texmf-dist/tex/latex/subfig/subfig.sty
Package: subfig 2005/06/28 ver: 1.3 subfig package

(/usr/share/texlive/texmf-dist/tex/latex/caption/caption3.sty
Package: caption3 2016/02/04 v1.7-139 caption3 kernel (AR)
Package caption3 Info: TeX engine: e-TeX on input line 67.
\captionmargin=\dimen141
\captionmargin@=\dimen142
\captionwidth=\dimen143
\caption@tempdima=\dimen144
\caption@indent=\dimen145
\caption@parindent=\dimen146
\caption@hangindent=\dimen147
Package caption Info: Unknown document class (or package),
(caption)             standard defaults will be used.
)
\c@KVtest=\count124
\sf@farskip=\skip52
\sf@captopadj=\dimen148
\sf@capskip=\skip53
\sf@nearskip=\skip54
\c@subfigure=\count125
\c@subfigure@save=\count126
\c@lofdepth=\count127
\c@subtable=\count128
\c@subtable@save=\count129
\c@lotdepth=\count130
\sf@top=\skip55
\sf@bottom=\skip56
) (./example.aux

LaTeX Warning: Label `stalls-data-rel' multiply defined.

)
\openout1 = `example.aux'.

LaTeX Font Info:    Checking defaults for OML/cmm/m/it on input line 9.
LaTeX Font Info:    ... okay on input line 9.
LaTeX Font Info:    Checking defaults for T1/cmr/m/n on input line 9.
LaTeX Font Info:    ... okay on input line 9.
LaTeX Font Info:    Checking defaults for OT1/cmr/m/n on input line 9.
LaTeX Font Info:    ... okay on input line 9.
LaTeX Font Info:    Checking defaults for OMS/cmsy/m/n on input line 9.
LaTeX Font Info:    ... okay on input line 9.
LaTeX Font Info:    Checking defaults for OMX/cmex/m/n on input line 9.
LaTeX Font Info:    ... okay on input line 9.
LaTeX Font Info:    Checking defaults for U/cmr/m/n on input line 9.
LaTeX Font Info:    ... okay on input line 9.
LaTeX Font Info:    Checking defaults for PD1/pdf/m/n on input line 9.
LaTeX Font Info:    ... okay on input line 9.
 (/usr/share/texlive/texmf-dist/tex/context/base/supp-pdf.mkii
[Loading MPS to PDF converter (version 2006.09.02).]
\scratchcounter=\count131
\scratchdimen=\dimen149
\scratchbox=\box37
\nofMPsegments=\count132
\nofMParguments=\count133
\everyMPshowfont=\toks32
\MPscratchCnt=\count134
\MPscratchDim=\dimen150
\MPnumerator=\count135
\makeMPintoPDFobject=\count136
\everyMPtoPDFconversion=\toks33
) (/usr/share/texlive/texmf-dist/tex/latex/oberdiek/epstopdf-base.sty
Package: epstopdf-base 2010/02/09 v2.5 Base part for package epstopdf

(/usr/share/texlive/texmf-dist/tex/latex/oberdiek/grfext.sty
Package: grfext 2010/08/19 v1.1 Manage graphics extensions (HO)
)
Package grfext Info: Graphics extension search list:
(grfext)             [.png,.pdf,.jpg,.mps,.jpeg,.jbig2,.jb2,.PNG,.PDF,.JPG,.JPE
G,.JBIG2,.JB2,.eps]
(grfext)             \AppendGraphicsExtensions on input line 452.

(/usr/share/texlive/texmf-dist/tex/latex/latexconfig/epstopdf-sys.cfg
File: epstopdf-sys.cfg 2010/07/13 v1.3 Configuration of (r)epstopdf for TeX Liv
e
))
\c@lstlisting=\count137

*geometry* driver: auto-detecting
*geometry* detected driver: pdftex
*geometry* verbose mode - [ preamble ] result:
* driver: pdftex
* paper: a4paper
* layout: <same size as paper>
* layoutoffset:(h,v)=(0.0pt,0.0pt)
* modes: twoside 
* h-part:(L,W,R)=(89.62709pt, 418.25368pt, 89.6271pt)
* v-part:(T,H,B)=(101.40665pt, 591.5302pt, 152.11pt)
* \paperwidth=597.50787pt
* \paperheight=845.04684pt
* \textwidth=504.0pt
* \textheight=666.0pt
* \oddsidemargin=-18.26999pt
* \evensidemargin=-18.26999pt
* \topmargin=-55.26999pt
* \headheight=12.0pt
* \headsep=25.0pt
* \topskip=10.0pt
* \footskip=30.0pt
* \marginparwidth=0.0pt
* \marginparsep=11.0pt
* \columnsep=24.0pt
* \skip\footins=8.1pt plus 4.0pt minus 2.0pt
* \hoffset=0.0pt
* \voffset=0.0pt
* \mag=1000
* \@twocolumntrue
* \@twosidetrue
* \@mparswitchtrue
* \@reversemarginfalse
* (1in=72.27pt=25.4mm, 1cm=28.453pt)

\AtBeginShipoutBox=\box38
Package hyperref Info: Link coloring ON on input line 9.
(/usr/share/texlive/texmf-dist/tex/latex/hyperref/nameref.sty
Package: nameref 2012/10/27 v2.43 Cross-referencing by name of section

(/usr/share/texlive/texmf-dist/tex/generic/oberdiek/gettitlestring.sty
Package: gettitlestring 2010/12/03 v1.4 Cleanup title references (HO)
)
\c@section@level=\count138
)
LaTeX Info: Redefining \ref on input line 9.
LaTeX Info: Redefining \pageref on input line 9.
LaTeX Info: Redefining \nameref on input line 9.

(./example.out) (./example.out)
\@outlinefile=\write3
\openout3 = `example.out'.

Package caption Info: Begin \AtBeginDocument code.
Package caption Info: subfig package v1.3 is loaded.
Package caption Info: End \AtBeginDocument code.

<CompSci_colour.pdf, id=76, 340.27126pt x 49.18375pt>
File: CompSci_colour.pdf Graphic file (type pdf)
 <use CompSci_colour.pdf>
Package pdftex.def Info: CompSci_colour.pdf used on input line 15.
(pdftex.def)             Requested size: 170.71652pt x 24.67586pt.


LaTeX Warning: Citation `Langley2017' on page 1 undefined on input line 52.


Overfull \hbox (7.78111pt too wide) in paragraph at lines 60--61
\T1/aer/m/n/9 sub-ject to play-back dead-lines, in or-der to im-prove the throu
gh-
 []

[1{/var/lib/texmf/fonts/map/pdftex/updmap/pdftex.map}


 <./CompSci_colour.pdf>]
LaTeX Font Info:    Try loading font information for T1+aett on input line 140.


(/usr/share/texlive/texmf-dist/tex/latex/ae/t1aett.fd
File: t1aett.fd 1997/11/16 Font definitions for T1/aett.
) [2]
<images/graphics-partial/50ms-stack-latencies-combined-PARTIAL.png, id=113, 462
.528pt x 346.896pt>
File: images/graphics-partial/50ms-stack-latencies-combined-PARTIAL.png Graphic
 file (type png)

<use images/graphics-partial/50ms-stack-latencies-combined-PARTIAL.png>
Package pdftex.def Info: images/graphics-partial/50ms-stack-latencies-combined-
PARTIAL.png used on input line 169.
(pdftex.def)             Requested size: 231.26343pt x 173.44757pt.

<images/graphics-partial/100ms-stack-latencies-combined-PARTIAL.png, id=115, 46
2.528pt x 346.896pt>
File: images/graphics-partial/100ms-stack-latencies-combined-PARTIAL.png Graphi
c file (type png)

<use images/graphics-partial/100ms-stack-latencies-combined-PARTIAL.png>
Package pdftex.def Info: images/graphics-partial/100ms-stack-latencies-combined
-PARTIAL.png used on input line 174.
(pdftex.def)             Requested size: 231.26343pt x 173.44757pt.

<images/graphics-partial/150ms-stack-latencies-combined-PARTIAL.png, id=116, 46
2.528pt x 346.896pt>
File: images/graphics-partial/150ms-stack-latencies-combined-PARTIAL.png Graphi
c file (type png)

<use images/graphics-partial/150ms-stack-latencies-combined-PARTIAL.png>
Package pdftex.def Info: images/graphics-partial/150ms-stack-latencies-combined
-PARTIAL.png used on input line 180.
(pdftex.def)             Requested size: 231.26343pt x 173.44757pt.

<images/graphics-reliable/50ms-stack-latencies-combined-reliable.png, id=117, 4
62.528pt x 346.896pt>
File: images/graphics-reliable/50ms-stack-latencies-combined-reliable.png Graph
ic file (type png)

<use images/graphics-reliable/50ms-stack-latencies-combined-reliable.png>
Package pdftex.def Info: images/graphics-reliable/50ms-stack-latencies-combined
-reliable.png used on input line 190.
(pdftex.def)             Requested size: 231.26343pt x 173.44757pt.

<images/graphics-reliable/100ms-stack-latencies-combined-reliable.png, id=118, 
462.528pt x 346.896pt>
File: images/graphics-reliable/100ms-stack-latencies-combined-reliable.png Grap
hic file (type png)

<use images/graphics-reliable/100ms-stack-latencies-combined-reliable.png>
Package pdftex.def Info: images/graphics-reliable/100ms-stack-latencies-combine
d-reliable.png used on input line 195.
(pdftex.def)             Requested size: 231.26343pt x 173.44757pt.

<images/graphics-reliable/150ms-stack-latencies-combined-reliable.png, id=119, 
462.528pt x 346.896pt>
File: images/graphics-reliable/150ms-stack-latencies-combined-reliable.png Grap
hic file (type png)

<use images/graphics-reliable/150ms-stack-latencies-combined-reliable.png>
Package pdftex.def Info: images/graphics-reliable/150ms-stack-latencies-combine
d-reliable.png used on input line 201.
(pdftex.def)             Requested size: 231.26343pt x 173.44757pt.

[3 <./images/graphics-partial/50ms-stack-latencies-combined-PARTIAL.png> <./ima
ges/graphics-partial/100ms-stack-latencies-combined-PARTIAL.png> <./images/grap
hics-partial/150ms-stack-latencies-combined-PARTIAL.png> <./images/graphics-rel
iable/50ms-stack-latencies-combined-reliable.png> <./images/graphics-reliable/1
00ms-stack-latencies-combined-reliable.png> <./images/graphics-reliable/150ms-s
tack-latencies-combined-reliable.png>]
<images/graphics-partial/50ms-app-latencies-combined-PARTIAL.png, id=136, 462.5
28pt x 346.896pt>
File: images/graphics-partial/50ms-app-latencies-combined-PARTIAL.png Graphic f
ile (type png)

<use images/graphics-partial/50ms-app-latencies-combined-PARTIAL.png>
Package pdftex.def Info: images/graphics-partial/50ms-app-latencies-combined-PA
RTIAL.png used on input line 214.
(pdftex.def)             Requested size: 231.26343pt x 173.44757pt.

<images/graphics-partial/100ms-app-latencies-combined-PARTIAL.png, id=137, 462.
528pt x 346.896pt>
File: images/graphics-partial/100ms-app-latencies-combined-PARTIAL.png Graphic 
file (type png)

<use images/graphics-partial/100ms-app-latencies-combined-PARTIAL.png>
Package pdftex.def Info: images/graphics-partial/100ms-app-latencies-combined-P
ARTIAL.png used on input line 219.
(pdftex.def)             Requested size: 231.26343pt x 173.44757pt.

<images/graphics-partial/150ms-app-latencies-combined-PARTIAL.png, id=138, 462.
528pt x 346.896pt>
File: images/graphics-partial/150ms-app-latencies-combined-PARTIAL.png Graphic 
file (type png)

<use images/graphics-partial/150ms-app-latencies-combined-PARTIAL.png>
Package pdftex.def Info: images/graphics-partial/150ms-app-latencies-combined-P
ARTIAL.png used on input line 225.
(pdftex.def)             Requested size: 231.26343pt x 173.44757pt.

<images/graphics-reliable/50ms-app-latencies-combined-reliable.png, id=139, 462
.528pt x 346.896pt>
File: images/graphics-reliable/50ms-app-latencies-combined-reliable.png Graphic
 file (type png)

<use images/graphics-reliable/50ms-app-latencies-combined-reliable.png>
Package pdftex.def Info: images/graphics-reliable/50ms-app-latencies-combined-r
eliable.png used on input line 235.
(pdftex.def)             Requested size: 231.26343pt x 173.44757pt.

<images/graphics-reliable/100ms-app-latencies-combined-reliable.png, id=140, 46
2.528pt x 346.896pt>
File: images/graphics-reliable/100ms-app-latencies-combined-reliable.png Graphi
c file (type png)

<use images/graphics-reliable/100ms-app-latencies-combined-reliable.png>
Package pdftex.def Info: images/graphics-reliable/100ms-app-latencies-combined-
reliable.png used on input line 240.
(pdftex.def)             Requested size: 231.26343pt x 173.44757pt.

<images/graphics-reliable/150ms-app-latencies-combined-reliable.png, id=141, 46
2.528pt x 346.896pt>
File: images/graphics-reliable/150ms-app-latencies-combined-reliable.png Graphi
c file (type png)

<use images/graphics-reliable/150ms-app-latencies-combined-reliable.png>
Package pdftex.def Info: images/graphics-reliable/150ms-app-latencies-combined-
reliable.png used on input line 246.
(pdftex.def)             Requested size: 231.26343pt x 173.44757pt.

[4 <./images/graphics-partial/50ms-app-latencies-combined-PARTIAL.png> <./image
s/graphics-partial/100ms-app-latencies-combined-PARTIAL.png> <./images/graphics
-partial/150ms-app-latencies-combined-PARTIAL.png> <./images/graphics-reliable/
50ms-app-latencies-combined-reliable.png> <./images/graphics-reliable/100ms-app
-latencies-combined-reliable.png> <./images/graphics-reliable/150ms-app-latenci
es-combined-reliable.png>]
<images/offsets-single.png, id=161, 462.528pt x 346.896pt>
File: images/offsets-single.png Graphic file (type png)

<use images/offsets-single.png>
Package pdftex.def Info: images/offsets-single.png used on input line 275.
(pdftex.def)             Requested size: 231.26343pt x 173.44757pt.

<images/offsets-single-100ms.png, id=162, 462.528pt x 346.896pt>
File: images/offsets-single-100ms.png Graphic file (type png)

<use images/offsets-single-100ms.png>
Package pdftex.def Info: images/offsets-single-100ms.png used on input line 280
.
(pdftex.def)             Requested size: 231.26343pt x 173.44757pt.

<images/offsets-single-150ms.png, id=163, 462.528pt x 346.896pt>
File: images/offsets-single-150ms.png Graphic file (type png)

<use images/offsets-single-150ms.png>
Package pdftex.def Info: images/offsets-single-150ms.png used on input line 286
.
(pdftex.def)             Requested size: 231.26343pt x 173.44757pt.
LaTeX Font Info:    Try loading font information for U+msa on input line 299.

(/usr/share/texlive/texmf-dist/tex/latex/amsfonts/umsa.fd
File: umsa.fd 2013/01/14 v3.01 AMS symbols A
)
LaTeX Font Info:    Try loading font information for U+msb on input line 299.

(/usr/share/texlive/texmf-dist/tex/latex/amsfonts/umsb.fd
File: umsb.fd 2013/01/14 v3.01 AMS symbols B
)
Underfull \hbox (badness 10000) in paragraph at lines 301--301
[]|\T1/aer/m/n/9 Frames
 []


<images/graphics-reliable/50ms-offsets-combined-reliable.png, id=167, 462.528pt
 x 346.896pt>
File: images/graphics-reliable/50ms-offsets-combined-reliable.png Graphic file 
(type png)

<use images/graphics-reliable/50ms-offsets-combined-reliable.png>
Package pdftex.def Info: images/graphics-reliable/50ms-offsets-combined-reliabl
e.png used on input line 318.
(pdftex.def)             Requested size: 231.26343pt x 173.44757pt.

<images/graphics-reliable/100ms-offsets-combined-reliable.png, id=168, 462.528p
t x 346.896pt>
File: images/graphics-reliable/100ms-offsets-combined-reliable.png Graphic file
 (type png)

<use images/graphics-reliable/100ms-offsets-combined-reliable.png>
Package pdftex.def Info: images/graphics-reliable/100ms-offsets-combined-reliab
le.png used on input line 323.
(pdftex.def)             Requested size: 231.26343pt x 173.44757pt.

<images/graphics-reliable/150ms-offsets-combined-reliable.png, id=169, 462.528p
t x 346.896pt>
File: images/graphics-reliable/150ms-offsets-combined-reliable.png Graphic file
 (type png)

<use images/graphics-reliable/150ms-offsets-combined-reliable.png>
Package pdftex.def Info: images/graphics-reliable/150ms-offsets-combined-reliab
le.png used on input line 329.
(pdftex.def)             Requested size: 231.26343pt x 173.44757pt.

<images/graphics-reliable/50ms-relative-offsets-combined-reliable.png, id=170, 
462.528pt x 346.896pt>
File: images/graphics-reliable/50ms-relative-offsets-combined-reliable.png Grap
hic file (type png)

<use images/graphics-reliable/50ms-relative-offsets-combined-reliable.png>
Package pdftex.def Info: images/graphics-reliable/50ms-relative-offsets-combine
d-reliable.png used on input line 339.
(pdftex.def)             Requested size: 231.26343pt x 173.44757pt.

<images/graphics-reliable/100ms-relative-offsets-combined-reliable.png, id=171,
 462.528pt x 346.896pt>
File: images/graphics-reliable/100ms-relative-offsets-combined-reliable.png Gra
phic file (type png)

<use images/graphics-reliable/100ms-relative-offsets-combined-reliable.png>
Package pdftex.def Info: images/graphics-reliable/100ms-relative-offsets-combin
ed-reliable.png used on input line 344.
(pdftex.def)             Requested size: 231.26343pt x 173.44757pt.

<images/graphics-reliable/150ms-relative-offsets-combined-reliable.png, id=172,
 462.528pt x 346.896pt>
File: images/graphics-reliable/150ms-relative-offsets-combined-reliable.png Gra
phic file (type png)

<use images/graphics-reliable/150ms-relative-offsets-combined-reliable.png>
Package pdftex.def Info: images/graphics-reliable/150ms-relative-offsets-combin
ed-reliable.png used on input line 350.
(pdftex.def)             Requested size: 231.26343pt x 173.44757pt.

Underfull \hbox (badness 10000) in paragraph at lines 362--362
[]|\T1/aer/m/n/9 Latency
 []


Underfull \hbox (badness 10000) in paragraph at lines 362--362
[]|\T1/aer/m/n/9 Discrepancy
 []


Underfull \hbox (badness 1199) in paragraph at lines 362--362
[]|\T1/aer/m/n/9 Total la-tency
 []


Overfull \hbox (4.8692pt too wide) in paragraph at lines 360--374
 [] 
 []

[5



 <./images/offsets-single.png> <./images/offsets-single-100ms.png> <./images/of
fsets-single-150ms.png>] [6 <./images/graphics-reliable/50ms-offsets-combined-r
eliable.png> <./images/graphics-reliable/100ms-offsets-combined-reliable.png> <
./images/graphics-reliable/150ms-offsets-combined-reliable.png> <./images/graph
ics-reliable/50ms-relative-offsets-combined-reliable.png> <./images/graphics-re
liable/100ms-relative-offsets-combined-reliable.png> <./images/graphics-reliabl
e/150ms-relative-offsets-combined-reliable.png>]
Overfull \hbox (6.7664pt too wide) in paragraph at lines 391--392
[]\T1/aer/m/n/9 QUICsilver ex-pe-ri-ences no stalls due to in-cre-ment-ing stre
am
 []


LaTeX Warning: `!h' float specifier changed to `!ht'.


<images/graphics-partial/50ms-relative-offsets-combined-PARTIAL.png, id=211, 46
2.528pt x 346.896pt>
File: images/graphics-partial/50ms-relative-offsets-combined-PARTIAL.png Graphi
c file (type png)

<use images/graphics-partial/50ms-relative-offsets-combined-PARTIAL.png>
Package pdftex.def Info: images/graphics-partial/50ms-relative-offsets-combined
-PARTIAL.png used on input line 413.
(pdftex.def)             Requested size: 231.26343pt x 173.44757pt.


LaTeX Warning: `h' float specifier changed to `ht'.


Underfull \vbox (badness 10000) has occurred while \output is active []

 [7 <./images/graphics-partial/50ms-relative-offsets-combined-PARTIAL.png>] [8

]
Overfull \hbox (1.19536pt too wide) in paragraph at lines 465--466
\T1/aer/m/n/9 ple-men-ta-tion of par-tial re-li-a-bil-ity which de-liv-ers vide
o frames
 []


Overfull \hbox (5.4337pt too wide) in paragraph at lines 484--484
[]\secfnt Partial Re-li-a-bil-ity for Other Real-Time Ap-
 []


Overfull \hbox (9.8623pt too wide) in paragraph at lines 485--486
[]\T1/aer/m/n/9 The de-vel-op-ment of video-based real-time ap-pli-ca-tions whi
ch
 []

[9

] (./example.bbl)
Package atveryend Info: Empty hook `BeforeClearDocument' on input line 500.
- LAST -
Extra skip:9.79596pt
Left:251.5pt/1.74596pt
Right:241.2pt/2.25pt
Output:251.59999pt
 [10]
Package atveryend Info: Empty hook `AfterLastShipout' on input line 500.
 (./example.aux)
Package atveryend Info: Empty hook `AtVeryEndDocument' on input line 500.
Package atveryend Info: Executing hook `AtEndAfterFileList' on input line 500.
Package rerunfilecheck Info: File `example.out' has not changed.
(rerunfilecheck)             Checksum: 97228BE213B746EDB4E6FB7CC5B3E9AF;1124.


LaTeX Warning: There were multiply-defined labels.

Package atveryend Info: Empty hook `AtVeryVeryEnd' on input line 500.
 ) 
Here is how much of TeX's memory you used:
 9335 strings out of 494953
 140145 string characters out of 6180976
 252962 words of memory out of 5000000
 12392 multiletter control sequences out of 15000+600000
 46331 words of font info for 62 fonts, out of 8000000 for 9000
 14 hyphenation exceptions out of 8191
 36i,10n,49p,1269b,368s stack positions out of 5000i,500n,10000p,200000b,80000s
{/usr/share/texlive/texmf-dist/fonts/enc/dvips/base/8r.enc}</usr/share/texliv
e/texmf-dist/fonts/type1/public/amsfonts/cm/cmbx9.pfb></usr/share/texlive/texmf
-dist/fonts/type1/public/amsfonts/cm/cmr9.pfb></usr/share/texlive/texmf-dist/fo
nts/type1/public/amsfonts/cm/cmti9.pfb></usr/share/texlive/texmf-dist/fonts/typ
e1/public/amsfonts/cm/cmtt9.pfb></usr/share/texlive/texmf-dist/fonts/type1/urw/
helvetic/uhvb8a.pfb></usr/share/texlive/texmf-dist/fonts/type1/urw/helvetic/uhv
r8a.pfb></usr/share/texlive/texmf-dist/fonts/type1/urw/times/utmb8a.pfb>
Output written on example.pdf (10 pages, 1042198 bytes).
PDF statistics:
 278 PDF objects out of 1000 (max. 8388607)
 211 compressed objects within 3 object streams
 68 named destinations out of 1000 (max. 500000)
 260 words of extra memory for PDF output out of 10000 (max. 10000000)

